<?xml version="1.0" encoding="UTF-8"?>
<coverage generated="1747412772812" clover="3.2.0">
  <project timestamp="1747412772812" name="All files">
    <metrics statements="22" coveredstatements="5" conditionals="7" coveredconditionals="0" methods="7" coveredmethods="0" elements="36" coveredelements="5" complexity="0" loc="22" ncloc="22" packages="1" files="1" classes="1"/>
    <file name="Reel.ts" path="C:\Users\Ilja\OneDrive\Desktop\problem\problem\slots-game\src\slots\Reel.ts">
      <metrics statements="22" coveredstatements="5" conditionals="7" coveredconditionals="0" methods="7" coveredmethods="0"/>
      <line num="1" count="1" type="stmt"/>
      <line num="4" count="1" type="stmt"/>
      <line num="12" count="1" type="stmt"/>
      <line num="13" count="1" type="stmt"/>
      <line num="15" count="1" type="stmt"/>
      <line num="20" count="0" type="stmt"/>
      <line num="21" count="0" type="stmt"/>
      <line num="24" count="0" type="stmt"/>
      <line num="25" count="0" type="stmt"/>
      <line num="26" count="0" type="stmt"/>
      <line num="27" count="0" type="stmt"/>
      <line num="29" count="0" type="stmt"/>
      <line num="41" count="0" type="stmt"/>
      <line num="45" count="0" type="cond" truecount="0" falsecount="3"/>
      <line num="50" count="0" type="cond" truecount="0" falsecount="3"/>
      <line num="51" count="0" type="stmt"/>
      <line num="54" count="0" type="cond" truecount="0" falsecount="1"/>
      <line num="55" count="0" type="stmt"/>
      <line num="56" count="0" type="stmt"/>
      <line num="66" count="0" type="stmt"/>
      <line num="67" count="0" type="stmt"/>
      <line num="71" count="0" type="stmt"/>
    </file>
  </project>
</coverage>
