{"C:\\Users\\Ilja\\OneDrive\\Desktop\\problem\\problem\\slots-game\\src\\Game.ts": {"path":"C:\\Users\\Ilja\\OneDrive\\Desktop\\problem\\problem\\slots-game\\src\\Game.ts","statementMap":{"0":{"start":{"line":1,"column":0},"end":{"line":1,"column":32}},"1":{"start":{"line":2,"column":0},"end":{"line":2,"column":50}},"2":{"start":{"line":3,"column":0},"end":{"line":3,"column":50}},"3":{"start":{"line":4,"column":0},"end":{"line":4,"column":29}},"4":{"start":{"line":13,"column":2},"end":{"line":19,"column":5}},"5":{"start":{"line":21,"column":24},"end":{"line":21,"column":65}},"6":{"start":{"line":22,"column":2},"end":{"line":24,"column":3}},"7":{"start":{"line":23,"column":3},"end":{"line":23,"column":65}},"8":{"start":{"line":26,"column":2},"end":{"line":26,"column":39}},"9":{"start":{"line":28,"column":2},"end":{"line":28,"column":35}},"10":{"start":{"line":29,"column":2},"end":{"line":29,"column":39}},"11":{"start":{"line":31,"column":2},"end":{"line":31,"column":49}},"12":{"start":{"line":33,"column":2},"end":{"line":33,"column":16}},"13":{"start":{"line":37,"column":2},"end":{"line":51,"column":3}},"14":{"start":{"line":38,"column":3},"end":{"line":38,"column":39}},"15":{"start":{"line":40,"column":3},"end":{"line":40,"column":48}},"16":{"start":{"line":41,"column":3},"end":{"line":41,"column":55}},"17":{"start":{"line":43,"column":3},"end":{"line":43,"column":48}},"18":{"start":{"line":44,"column":3},"end":{"line":44,"column":46}},"19":{"start":{"line":46,"column":3},"end":{"line":46,"column":47}},"20":{"start":{"line":48,"column":3},"end":{"line":48,"column":48}},"21":{"start":{"line":50,"column":3},"end":{"line":50,"column":52}},"22":{"start":{"line":55,"column":2},"end":{"line":57,"column":3}},"23":{"start":{"line":56,"column":3},"end":{"line":56,"column":34}},"24":{"start":{"line":61,"column":2},"end":{"line":61,"column":46}},"25":{"start":{"line":61,"column":39},"end":{"line":61,"column":46}},"26":{"start":{"line":63,"column":24},"end":{"line":63,"column":65}},"27":{"start":{"line":64,"column":2},"end":{"line":64,"column":29}},"28":{"start":{"line":64,"column":22},"end":{"line":64,"column":29}},"29":{"start":{"line":66,"column":12},"end":{"line":66,"column":37}},"30":{"start":{"line":67,"column":12},"end":{"line":67,"column":38}},"31":{"start":{"line":70,"column":16},"end":{"line":70,"column":43}},"32":{"start":{"line":72,"column":2},"end":{"line":72,"column":34}},"33":{"start":{"line":75,"column":2},"end":{"line":75,"column":33}},"34":{"start":{"line":76,"column":2},"end":{"line":76,"column":44}},"35":{"start":{"line":77,"column":2},"end":{"line":77,"column":46}},"36":{"start":{"line":6,"column":0},"end":{"line":6,"column":13}}},"fnMap":{"0":{"name":"(anonymous_16)","decl":{"start":{"line":12,"column":1},"end":{"line":12,"column":null}},"loc":{"start":{"line":12,"column":1},"end":{"line":34,"column":2}}},"1":{"name":"(anonymous_17)","decl":{"start":{"line":36,"column":14},"end":{"line":36,"column":18}},"loc":{"start":{"line":36,"column":18},"end":{"line":52,"column":null}}},"2":{"name":"(anonymous_19)","decl":{"start":{"line":54,"column":9},"end":{"line":54,"column":15}},"loc":{"start":{"line":54,"column":29},"end":{"line":58,"column":2}}},"3":{"name":"(anonymous_20)","decl":{"start":{"line":60,"column":9},"end":{"line":60,"column":15}},"loc":{"start":{"line":60,"column":15},"end":{"line":78,"column":2}}}},"branchMap":{"0":{"loc":{"start":{"line":17,"column":15},"end":{"line":17,"column":43}},"type":"binary-expr","locations":[{"start":{"line":17,"column":15},"end":{"line":17,"column":38}},{"start":{"line":17,"column":42},"end":{"line":17,"column":43}}]},"1":{"loc":{"start":{"line":22,"column":2},"end":{"line":24,"column":3}},"type":"if","locations":[{"start":{"line":22,"column":2},"end":{"line":24,"column":3}}]},"2":{"loc":{"start":{"line":55,"column":2},"end":{"line":57,"column":3}},"type":"if","locations":[{"start":{"line":55,"column":2},"end":{"line":57,"column":3}}]},"3":{"loc":{"start":{"line":61,"column":2},"end":{"line":61,"column":46}},"type":"if","locations":[{"start":{"line":61,"column":2},"end":{"line":61,"column":46}}]},"4":{"loc":{"start":{"line":61,"column":6},"end":{"line":61,"column":37}},"type":"binary-expr","locations":[{"start":{"line":61,"column":6},"end":{"line":61,"column":15}},{"start":{"line":61,"column":19},"end":{"line":61,"column":37}}]},"5":{"loc":{"start":{"line":64,"column":2},"end":{"line":64,"column":29}},"type":"if","locations":[{"start":{"line":64,"column":2},"end":{"line":64,"column":29}}]}},"s":{"0":1,"1":1,"2":1,"3":1,"4":7,"5":7,"6":7,"7":7,"8":7,"9":7,"10":7,"11":7,"12":7,"13":8,"14":8,"15":7,"16":7,"17":7,"18":7,"19":7,"20":7,"21":1,"22":1,"23":1,"24":12,"25":0,"26":12,"27":12,"28":0,"29":12,"30":12,"31":12,"32":12,"33":12,"34":12,"35":12,"36":1},"f":{"0":7,"1":8,"2":1,"3":12},"b":{"0":[7,0],"1":[7],"2":[1],"3":[0],"4":[12,12],"5":[0]}}
,"C:\\Users\\Ilja\\OneDrive\\Desktop\\problem\\problem\\slots-game\\src\\slots\\Reel.ts": {"path":"C:\\Users\\Ilja\\OneDrive\\Desktop\\problem\\problem\\slots-game\\src\\slots\\Reel.ts","statementMap":{"0":{"start":{"line":1,"column":0},"end":{"line":1,"column":63}},"1":{"start":{"line":3,"column":19},"end":{"line":3,"column":21}},"2":{"start":{"line":4,"column":22},"end":{"line":4,"column":26}},"3":{"start":{"line":5,"column":23},"end":{"line":5,"column":26}},"4":{"start":{"line":10,"column":9},"end":{"line":10,"column":27}},"5":{"start":{"line":11,"column":9},"end":{"line":11,"column":37}},"6":{"start":{"line":14,"column":18},"end":{"line":14,"column":41}},"7":{"start":{"line":24,"column":2},"end":{"line":24,"column":35}},"8":{"start":{"line":25,"column":2},"end":{"line":25,"column":20}},"9":{"start":{"line":26,"column":2},"end":{"line":26,"column":31}},"10":{"start":{"line":27,"column":2},"end":{"line":27,"column":33}},"11":{"start":{"line":28,"column":2},"end":{"line":28,"column":27}},"12":{"start":{"line":30,"column":2},"end":{"line":30,"column":23}},"13":{"start":{"line":34,"column":2},"end":{"line":34,"column":33}},"14":{"start":{"line":38,"column":2},"end":{"line":45,"column":3}},"15":{"start":{"line":38,"column":15},"end":{"line":38,"column":16}},"16":{"start":{"line":39,"column":18},"end":{"line":39,"column":43}},"17":{"start":{"line":40,"column":3},"end":{"line":40,"column":29}},"18":{"start":{"line":42,"column":3},"end":{"line":42,"column":38}},"19":{"start":{"line":44,"column":3},"end":{"line":44,"column":35}},"20":{"start":{"line":49,"column":22},"end":{"line":49,"column":70}},"21":{"start":{"line":50,"column":2},"end":{"line":50,"column":48}},"22":{"start":{"line":54,"column":2},"end":{"line":54,"column":51}},"23":{"start":{"line":54,"column":44},"end":{"line":54,"column":51}},"24":{"start":{"line":58,"column":3},"end":{"line":58,"column":62}},"25":{"start":{"line":59,"column":21},"end":{"line":59,"column":58}},"26":{"start":{"line":61,"column":2},"end":{"line":74,"column":3}},"27":{"start":{"line":61,"column":15},"end":{"line":61,"column":16}},"28":{"start":{"line":62,"column":18},"end":{"line":62,"column":33}},"29":{"start":{"line":63,"column":3},"end":{"line":63,"column":34}},"30":{"start":{"line":66,"column":3},"end":{"line":73,"column":4}},"31":{"start":{"line":67,"column":4},"end":{"line":67,"column":27}},"32":{"start":{"line":70,"column":4},"end":{"line":70,"column":30}},"33":{"start":{"line":71,"column":4},"end":{"line":71,"column":33}},"34":{"start":{"line":72,"column":4},"end":{"line":72,"column":8}},"35":{"start":{"line":77,"column":2},"end":{"line":85,"column":3}},"36":{"start":{"line":78,"column":3},"end":{"line":78,"column":31}},"37":{"start":{"line":81,"column":3},"end":{"line":84,"column":4}},"38":{"start":{"line":82,"column":4},"end":{"line":82,"column":19}},"39":{"start":{"line":83,"column":4},"end":{"line":83,"column":22}},"40":{"start":{"line":89,"column":2},"end":{"line":91,"column":5}},"41":{"start":{"line":90,"column":3},"end":{"line":90,"column":38}},"42":{"start":{"line":98,"column":2},"end":{"line":98,"column":25}},"43":{"start":{"line":99,"column":2},"end":{"line":99,"column":26}},"44":{"start":{"line":107,"column":2},"end":{"line":107,"column":26}},"45":{"start":{"line":114,"column":2},"end":{"line":114,"column":53}},"46":{"start":{"line":114,"column":35},"end":{"line":114,"column":51}},"47":{"start":{"line":115,"column":2},"end":{"line":119,"column":5}},"48":{"start":{"line":7,"column":0},"end":{"line":7,"column":13}}},"fnMap":{"0":{"name":"(anonymous_0)","decl":{"start":{"line":19,"column":1},"end":{"line":19,"column":null}},"loc":{"start":{"line":22,"column":31},"end":{"line":31,"column":2}}},"1":{"name":"(anonymous_1)","decl":{"start":{"line":33,"column":9},"end":{"line":33,"column":24}},"loc":{"start":{"line":33,"column":38},"end":{"line":35,"column":2}}},"2":{"name":"(anonymous_2)","decl":{"start":{"line":37,"column":9},"end":{"line":37,"column":22}},"loc":{"start":{"line":37,"column":22},"end":{"line":46,"column":2}}},"3":{"name":"(anonymous_3)","decl":{"start":{"line":48,"column":9},"end":{"line":48,"column":27}},"loc":{"start":{"line":48,"column":27},"end":{"line":51,"column":2}}},"4":{"name":"(anonymous_4)","decl":{"start":{"line":53,"column":8},"end":{"line":53,"column":14}},"loc":{"start":{"line":53,"column":28},"end":{"line":86,"column":2}}},"5":{"name":"(anonymous_5)","decl":{"start":{"line":88,"column":9},"end":{"line":88,"column":19}},"loc":{"start":{"line":88,"column":19},"end":{"line":92,"column":2}}},"6":{"name":"(anonymous_6)","decl":{"start":{"line":89,"column":23},"end":{"line":89,"column":24}},"loc":{"start":{"line":89,"column":37},"end":{"line":91,"column":3}}},"7":{"name":"(anonymous_7)","decl":{"start":{"line":97,"column":8},"end":{"line":97,"column":17}},"loc":{"start":{"line":97,"column":17},"end":{"line":100,"column":2}}},"8":{"name":"(anonymous_8)","decl":{"start":{"line":105,"column":8},"end":{"line":105,"column":16}},"loc":{"start":{"line":105,"column":16},"end":{"line":108,"column":2}}},"9":{"name":"(anonymous_9)","decl":{"start":{"line":113,"column":8},"end":{"line":113,"column":15}},"loc":{"start":{"line":113,"column":15},"end":{"line":120,"column":2}}},"10":{"name":"(anonymous_10)","decl":{"start":{"line":114,"column":23},"end":{"line":114,"column":24}},"loc":{"start":{"line":114,"column":35},"end":{"line":114,"column":51}}}},"branchMap":{"0":{"loc":{"start":{"line":54,"column":2},"end":{"line":54,"column":51}},"type":"if","locations":[{"start":{"line":54,"column":2},"end":{"line":54,"column":51}}]},"1":{"loc":{"start":{"line":54,"column":6},"end":{"line":54,"column":42}},"type":"binary-expr","locations":[{"start":{"line":54,"column":6},"end":{"line":54,"column":22}},{"start":{"line":54,"column":26},"end":{"line":54,"column":42}}]},"2":{"loc":{"start":{"line":66,"column":3},"end":{"line":73,"column":4}},"type":"if","locations":[{"start":{"line":66,"column":3},"end":{"line":73,"column":4}}]},"3":{"loc":{"start":{"line":77,"column":2},"end":{"line":85,"column":3}},"type":"if","locations":[{"start":{"line":77,"column":2},"end":{"line":85,"column":3}}]},"4":{"loc":{"start":{"line":77,"column":6},"end":{"line":77,"column":40}},"type":"binary-expr","locations":[{"start":{"line":77,"column":6},"end":{"line":77,"column":22}},{"start":{"line":77,"column":26},"end":{"line":77,"column":40}}]},"5":{"loc":{"start":{"line":81,"column":3},"end":{"line":84,"column":4}},"type":"if","locations":[{"start":{"line":81,"column":3},"end":{"line":84,"column":4}}]}},"s":{"0":1,"1":1,"2":1,"3":1,"4":10,"5":10,"6":10,"7":10,"8":10,"9":10,"10":10,"11":10,"12":10,"13":72,"14":10,"15":10,"16":60,"17":60,"18":60,"19":60,"20":60,"21":60,"22":95,"23":1,"24":94,"25":94,"26":94,"27":94,"28":574,"29":574,"30":574,"31":10,"32":10,"33":10,"34":10,"35":94,"36":90,"37":90,"38":1,"39":1,"40":2,"41":12,"42":5,"43":5,"44":1,"45":1,"46":6,"47":1,"48":1},"f":{"0":10,"1":72,"2":10,"3":60,"4":95,"5":2,"6":12,"7":5,"8":1,"9":1,"10":6},"b":{"0":[1],"1":[95,91],"2":[10],"3":[90],"4":[94,90],"5":[1]}}
,"C:\\Users\\Ilja\\OneDrive\\Desktop\\problem\\problem\\slots-game\\src\\slots\\SlotMachine.ts": {"path":"C:\\Users\\Ilja\\OneDrive\\Desktop\\problem\\problem\\slots-game\\src\\slots\\SlotMachine.ts","statementMap":{"0":{"start":{"line":1,"column":0},"end":{"line":1,"column":20}},"1":{"start":{"line":2,"column":0},"end":{"line":2,"column":67}},"2":{"start":{"line":3,"column":0},"end":{"line":3,"column":35}},"3":{"start":{"line":4,"column":0},"end":{"line":4,"column":37}},"4":{"start":{"line":5,"column":0},"end":{"line":5,"column":39}},"5":{"start":{"line":6,"column":0},"end":{"line":6,"column":51}},"6":{"start":{"line":8,"column":17},"end":{"line":8,"column":20}},"7":{"start":{"line":9,"column":25},"end":{"line":9,"column":26}},"8":{"start":{"line":10,"column":26},"end":{"line":10,"column":29}},"9":{"start":{"line":11,"column":25},"end":{"line":11,"column":28}},"10":{"start":{"line":12,"column":33},"end":{"line":12,"column":36}},"11":{"start":{"line":13,"column":13},"end":{"line":13,"column":30}},"12":{"start":{"line":14,"column":13},"end":{"line":14,"column":28}},"13":{"start":{"line":15,"column":13},"end":{"line":15,"column":31}},"14":{"start":{"line":16,"column":13},"end":{"line":16,"column":31}},"15":{"start":{"line":17,"column":13},"end":{"line":17,"column":37}},"16":{"start":{"line":18,"column":13},"end":{"line":18,"column":37}},"17":{"start":{"line":19,"column":13},"end":{"line":20,"column":51}},"18":{"start":{"line":23,"column":17},"end":{"line":23,"column":73}},"19":{"start":{"line":24,"column":17},"end":{"line":25,"column":61}},"20":{"start":{"line":28,"column":9},"end":{"line":28,"column":37}},"21":{"start":{"line":29,"column":9},"end":{"line":29,"column":42}},"22":{"start":{"line":30,"column":9},"end":{"line":30,"column":41}},"23":{"start":{"line":31,"column":9},"end":{"line":31,"column":43}},"24":{"start":{"line":35,"column":2},"end":{"line":35,"column":17}},"25":{"start":{"line":36,"column":2},"end":{"line":36,"column":35}},"26":{"start":{"line":37,"column":2},"end":{"line":37,"column":18}},"27":{"start":{"line":40,"column":3},"end":{"line":40,"column":37}},"28":{"start":{"line":41,"column":3},"end":{"line":41,"column":52}},"29":{"start":{"line":44,"column":2},"end":{"line":44,"column":73}},"30":{"start":{"line":45,"column":2},"end":{"line":45,"column":75}},"31":{"start":{"line":47,"column":2},"end":{"line":47,"column":26}},"32":{"start":{"line":49,"column":2},"end":{"line":49,"column":21}},"33":{"start":{"line":51,"column":2},"end":{"line":51,"column":29}},"34":{"start":{"line":55,"column":2},"end":{"line":68,"column":3}},"35":{"start":{"line":56,"column":22},"end":{"line":56,"column":36}},"36":{"start":{"line":57,"column":3},"end":{"line":57,"column":39}},"37":{"start":{"line":58,"column":3},"end":{"line":63,"column":5}},"38":{"start":{"line":64,"column":3},"end":{"line":64,"column":24}},"39":{"start":{"line":65,"column":3},"end":{"line":65,"column":39}},"40":{"start":{"line":67,"column":3},"end":{"line":67,"column":54}},"41":{"start":{"line":72,"column":25},"end":{"line":72,"column":58}},"42":{"start":{"line":74,"column":2},"end":{"line":80,"column":3}},"43":{"start":{"line":74,"column":15},"end":{"line":74,"column":16}},"44":{"start":{"line":75,"column":16},"end":{"line":75,"column":71}},"45":{"start":{"line":76,"column":3},"end":{"line":76,"column":75}},"46":{"start":{"line":77,"column":3},"end":{"line":77,"column":41}},"47":{"start":{"line":78,"column":3},"end":{"line":78,"column":43}},"48":{"start":{"line":79,"column":3},"end":{"line":79,"column":25}},"49":{"start":{"line":85,"column":2},"end":{"line":87,"column":3}},"50":{"start":{"line":86,"column":3},"end":{"line":86,"column":22}},"51":{"start":{"line":91,"column":2},"end":{"line":91,"column":30}},"52":{"start":{"line":91,"column":23},"end":{"line":91,"column":30}},"53":{"start":{"line":93,"column":2},"end":{"line":93,"column":25}},"54":{"start":{"line":96,"column":2},"end":{"line":96,"column":26}},"55":{"start":{"line":99,"column":2},"end":{"line":104,"column":3}},"56":{"start":{"line":100,"column":3},"end":{"line":102,"column":5}},"57":{"start":{"line":103,"column":3},"end":{"line":103,"column":39}},"58":{"start":{"line":106,"column":2},"end":{"line":110,"column":3}},"59":{"start":{"line":106,"column":15},"end":{"line":106,"column":16}},"60":{"start":{"line":107,"column":3},"end":{"line":109,"column":22}},"61":{"start":{"line":108,"column":4},"end":{"line":108,"column":30}},"62":{"start":{"line":113,"column":2},"end":{"line":115,"column":25}},"63":{"start":{"line":114,"column":3},"end":{"line":114,"column":19}},"64":{"start":{"line":119,"column":2},"end":{"line":138,"column":3}},"65":{"start":{"line":119,"column":15},"end":{"line":119,"column":16}},"66":{"start":{"line":120,"column":3},"end":{"line":137,"column":36}},"67":{"start":{"line":121,"column":4},"end":{"line":121,"column":29}},"68":{"start":{"line":124,"column":4},"end":{"line":136,"column":5}},"69":{"start":{"line":125,"column":5},"end":{"line":125,"column":29}},"70":{"start":{"line":126,"column":5},"end":{"line":135,"column":26}},"71":{"start":{"line":127,"column":6},"end":{"line":127,"column":22}},"72":{"start":{"line":128,"column":6},"end":{"line":128,"column":30}},"73":{"start":{"line":130,"column":6},"end":{"line":134,"column":7}},"74":{"start":{"line":131,"column":7},"end":{"line":132,"column":53}},"75":{"start":{"line":133,"column":7},"end":{"line":133,"column":42}},"76":{"start":{"line":143,"column":20},"end":{"line":143,"column":44}},"77":{"start":{"line":145,"column":2},"end":{"line":155,"column":3}},"78":{"start":{"line":146,"column":3},"end":{"line":146,"column":21}},"79":{"start":{"line":147,"column":3},"end":{"line":147,"column":26}},"80":{"start":{"line":149,"column":3},"end":{"line":154,"column":4}},"81":{"start":{"line":150,"column":4},"end":{"line":150,"column":37}},"82":{"start":{"line":151,"column":4},"end":{"line":151,"column":60}},"83":{"start":{"line":153,"column":4},"end":{"line":153,"column":55}},"84":{"start":{"line":159,"column":2},"end":{"line":159,"column":27}},"85":{"start":{"line":163,"column":2},"end":{"line":197,"column":3}},"86":{"start":{"line":164,"column":26},"end":{"line":164,"column":73}},"87":{"start":{"line":165,"column":3},"end":{"line":176,"column":4}},"88":{"start":{"line":166,"column":4},"end":{"line":166,"column":58}},"89":{"start":{"line":168,"column":4},"end":{"line":168,"column":49}},"90":{"start":{"line":169,"column":4},"end":{"line":169,"column":48}},"91":{"start":{"line":171,"column":4},"end":{"line":173,"column":5}},"92":{"start":{"line":172,"column":5},"end":{"line":172,"column":57}},"93":{"start":{"line":175,"column":4},"end":{"line":175,"column":45}},"94":{"start":{"line":178,"column":24},"end":{"line":178,"column":63}},"95":{"start":{"line":179,"column":3},"end":{"line":194,"column":4}},"96":{"start":{"line":180,"column":4},"end":{"line":180,"column":58}},"97":{"start":{"line":182,"column":4},"end":{"line":182,"column":51}},"98":{"start":{"line":183,"column":4},"end":{"line":183,"column":50}},"99":{"start":{"line":185,"column":4},"end":{"line":185,"column":38}},"100":{"start":{"line":187,"column":4},"end":{"line":187,"column":47}},"101":{"start":{"line":189,"column":4},"end":{"line":193,"column":7}},"102":{"start":{"line":191,"column":6},"end":{"line":191,"column":41}},"103":{"start":{"line":196,"column":3},"end":{"line":196,"column":64}},"104":{"start":{"line":204,"column":2},"end":{"line":204,"column":25}},"105":{"start":{"line":22,"column":0},"end":{"line":22,"column":13}}},"fnMap":{"0":{"name":"(anonymous_0)","decl":{"start":{"line":34,"column":1},"end":{"line":34,"column":13}},"loc":{"start":{"line":34,"column":29},"end":{"line":52,"column":2}}},"1":{"name":"(anonymous_1)","decl":{"start":{"line":54,"column":9},"end":{"line":54,"column":25}},"loc":{"start":{"line":54,"column":25},"end":{"line":69,"column":2}}},"2":{"name":"(anonymous_2)","decl":{"start":{"line":71,"column":9},"end":{"line":71,"column":20}},"loc":{"start":{"line":71,"column":20},"end":{"line":81,"column":2}}},"3":{"name":"(anonymous_3)","decl":{"start":{"line":83,"column":8},"end":{"line":83,"column":14}},"loc":{"start":{"line":83,"column":28},"end":{"line":88,"column":2}}},"4":{"name":"(anonymous_4)","decl":{"start":{"line":90,"column":8},"end":{"line":90,"column":12}},"loc":{"start":{"line":90,"column":12},"end":{"line":116,"column":2}}},"5":{"name":"(anonymous_5)","decl":{"start":{"line":107,"column":14},"end":{"line":107,"column":17}},"loc":{"start":{"line":107,"column":19},"end":{"line":109,"column":4}}},"6":{"name":"(anonymous_6)","decl":{"start":{"line":113,"column":13},"end":{"line":113,"column":16}},"loc":{"start":{"line":113,"column":18},"end":{"line":115,"column":3}}},"7":{"name":"(anonymous_7)","decl":{"start":{"line":118,"column":9},"end":{"line":118,"column":17}},"loc":{"start":{"line":118,"column":17},"end":{"line":139,"column":2}}},"8":{"name":"(anonymous_8)","decl":{"start":{"line":120,"column":14},"end":{"line":120,"column":17}},"loc":{"start":{"line":120,"column":19},"end":{"line":137,"column":4}}},"9":{"name":"(anonymous_9)","decl":{"start":{"line":126,"column":16},"end":{"line":126,"column":19}},"loc":{"start":{"line":126,"column":21},"end":{"line":135,"column":6}}},"10":{"name":"(anonymous_10)","decl":{"start":{"line":141,"column":9},"end":{"line":141,"column":17}},"loc":{"start":{"line":141,"column":17},"end":{"line":156,"column":2}}},"11":{"name":"(anonymous_11)","decl":{"start":{"line":158,"column":8},"end":{"line":158,"column":21}},"loc":{"start":{"line":158,"column":36},"end":{"line":160,"column":2}}},"12":{"name":"(anonymous_12)","decl":{"start":{"line":162,"column":9},"end":{"line":162,"column":28}},"loc":{"start":{"line":162,"column":28},"end":{"line":198,"column":2}}},"13":{"name":"(anonymous_13)","decl":{"start":{"line":190,"column":15},"end":{"line":190,"column":18}},"loc":{"start":{"line":190,"column":20},"end":{"line":192,"column":6}}},"14":{"name":"(anonymous_14)","decl":{"start":{"line":203,"column":1},"end":{"line":203,"column":12}},"loc":{"start":{"line":203,"column":28},"end":{"line":205,"column":2}}}},"branchMap":{"0":{"loc":{"start":{"line":91,"column":2},"end":{"line":91,"column":30}},"type":"if","locations":[{"start":{"line":91,"column":2},"end":{"line":91,"column":30}}]},"1":{"loc":{"start":{"line":99,"column":2},"end":{"line":104,"column":3}},"type":"if","locations":[{"start":{"line":99,"column":2},"end":{"line":104,"column":3}}]},"2":{"loc":{"start":{"line":124,"column":4},"end":{"line":136,"column":5}},"type":"if","locations":[{"start":{"line":124,"column":4},"end":{"line":136,"column":5}}]},"3":{"loc":{"start":{"line":130,"column":6},"end":{"line":134,"column":7}},"type":"if","locations":[{"start":{"line":130,"column":6},"end":{"line":134,"column":7}}]},"4":{"loc":{"start":{"line":145,"column":2},"end":{"line":155,"column":3}},"type":"if","locations":[{"start":{"line":145,"column":2},"end":{"line":155,"column":3}}]},"5":{"loc":{"start":{"line":149,"column":3},"end":{"line":154,"column":4}},"type":"if","locations":[{"start":{"line":149,"column":3},"end":{"line":154,"column":4}},{"start":{"line":152,"column":10},"end":{"line":154,"column":4}}]},"6":{"loc":{"start":{"line":165,"column":3},"end":{"line":176,"column":4}},"type":"if","locations":[{"start":{"line":165,"column":3},"end":{"line":176,"column":4}}]},"7":{"loc":{"start":{"line":171,"column":4},"end":{"line":173,"column":5}},"type":"if","locations":[{"start":{"line":171,"column":4},"end":{"line":173,"column":5}}]},"8":{"loc":{"start":{"line":179,"column":3},"end":{"line":194,"column":4}},"type":"if","locations":[{"start":{"line":179,"column":3},"end":{"line":194,"column":4}}]}},"s":{"0":1,"1":1,"2":1,"3":1,"4":1,"5":1,"6":1,"7":1,"8":1,"9":1,"10":1,"11":1,"12":1,"13":1,"14":1,"15":1,"16":1,"17":1,"18":14,"19":14,"20":14,"21":14,"22":14,"23":14,"24":14,"25":14,"26":14,"27":14,"28":14,"29":14,"30":14,"31":14,"32":14,"33":14,"34":14,"35":14,"36":0,"37":0,"38":0,"39":0,"40":14,"41":14,"42":14,"43":14,"44":56,"45":56,"46":56,"47":56,"48":56,"49":1,"50":4,"51":5,"52":1,"53":4,"54":4,"55":4,"56":2,"57":2,"58":4,"59":4,"60":16,"61":12,"62":4,"63":2,"64":2,"65":2,"66":8,"67":8,"68":8,"69":2,"70":2,"71":2,"72":2,"73":2,"74":1,"75":1,"76":4,"77":4,"78":2,"79":2,"80":2,"81":1,"82":1,"83":1,"84":4,"85":14,"86":14,"87":14,"88":14,"89":14,"90":14,"91":14,"92":14,"93":14,"94":14,"95":14,"96":14,"97":14,"98":14,"99":14,"100":14,"101":14,"102":0,"103":0,"104":0,"105":1},"f":{"0":14,"1":14,"2":14,"3":1,"4":5,"5":12,"6":2,"7":2,"8":8,"9":2,"10":4,"11":4,"12":14,"13":0,"14":0},"b":{"0":[1],"1":[2],"2":[2],"3":[1],"4":[2],"5":[1,1],"6":[14],"7":[14],"8":[14]}}
,"C:\\Users\\Ilja\\OneDrive\\Desktop\\problem\\problem\\slots-game\\src\\ui\\UI.ts": {"path":"C:\\Users\\Ilja\\OneDrive\\Desktop\\problem\\problem\\slots-game\\src\\ui\\UI.ts","statementMap":{"0":{"start":{"line":1,"column":0},"end":{"line":1,"column":32}},"1":{"start":{"line":3,"column":0},"end":{"line":3,"column":51}},"2":{"start":{"line":4,"column":0},"end":{"line":4,"column":39}},"3":{"start":{"line":13,"column":2},"end":{"line":13,"column":17}},"4":{"start":{"line":14,"column":2},"end":{"line":14,"column":33}},"5":{"start":{"line":15,"column":2},"end":{"line":15,"column":40}},"6":{"start":{"line":17,"column":2},"end":{"line":17,"column":26}},"7":{"start":{"line":21,"column":2},"end":{"line":44,"column":3}},"8":{"start":{"line":22,"column":3},"end":{"line":24,"column":5}},"9":{"start":{"line":26,"column":3},"end":{"line":26,"column":35}},"10":{"start":{"line":27,"column":3},"end":{"line":27,"column":49}},"11":{"start":{"line":28,"column":3},"end":{"line":28,"column":51}},"12":{"start":{"line":29,"column":3},"end":{"line":29,"column":31}},"13":{"start":{"line":30,"column":3},"end":{"line":30,"column":31}},"14":{"start":{"line":32,"column":3},"end":{"line":32,"column":38}},"15":{"start":{"line":33,"column":3},"end":{"line":33,"column":38}},"16":{"start":{"line":35,"column":3},"end":{"line":35,"column":72}},"17":{"start":{"line":36,"column":3},"end":{"line":36,"column":67}},"18":{"start":{"line":37,"column":3},"end":{"line":37,"column":65}},"19":{"start":{"line":39,"column":3},"end":{"line":39,"column":44}},"20":{"start":{"line":41,"column":3},"end":{"line":41,"column":51}},"21":{"start":{"line":43,"column":3},"end":{"line":43,"column":55}},"22":{"start":{"line":48,"column":2},"end":{"line":48,"column":28}},"23":{"start":{"line":50,"column":2},"end":{"line":50,"column":26}},"24":{"start":{"line":54,"column":3},"end":{"line":54,"column":55}},"25":{"start":{"line":58,"column":3},"end":{"line":58,"column":54}},"26":{"start":{"line":6,"column":0},"end":{"line":6,"column":13}}},"fnMap":{"0":{"name":"(anonymous_9)","decl":{"start":{"line":12,"column":1},"end":{"line":12,"column":13}},"loc":{"start":{"line":12,"column":60},"end":{"line":18,"column":2}}},"1":{"name":"(anonymous_10)","decl":{"start":{"line":20,"column":9},"end":{"line":20,"column":25}},"loc":{"start":{"line":20,"column":25},"end":{"line":45,"column":2}}},"2":{"name":"(anonymous_11)","decl":{"start":{"line":47,"column":9},"end":{"line":47,"column":26}},"loc":{"start":{"line":47,"column":26},"end":{"line":51,"column":2}}},"3":{"name":"(anonymous_12)","decl":{"start":{"line":53,"column":9},"end":{"line":53,"column":21}},"loc":{"start":{"line":53,"column":55},"end":{"line":55,"column":2}}},"4":{"name":"(anonymous_13)","decl":{"start":{"line":57,"column":9},"end":{"line":57,"column":20}},"loc":{"start":{"line":57,"column":54},"end":{"line":59,"column":2}}}},"branchMap":{},"s":{"0":1,"1":1,"2":1,"3":2,"4":2,"5":2,"6":2,"7":2,"8":2,"9":2,"10":2,"11":2,"12":2,"13":2,"14":2,"15":2,"16":2,"17":2,"18":2,"19":2,"20":2,"21":0,"22":1,"23":1,"24":0,"25":0,"26":1},"f":{"0":2,"1":2,"2":1,"3":0,"4":0},"b":{}}
,"C:\\Users\\Ilja\\OneDrive\\Desktop\\problem\\problem\\slots-game\\src\\utils\\AssetLoader.ts": {"path":"C:\\Users\\Ilja\\OneDrive\\Desktop\\problem\\problem\\slots-game\\src\\utils\\AssetLoader.ts","statementMap":{"0":{"start":{"line":1,"column":0},"end":{"line":1,"column":32}},"1":{"start":{"line":2,"column":0},"end":{"line":2,"column":42}},"2":{"start":{"line":5,"column":23},"end":{"line":5,"column":42}},"3":{"start":{"line":6,"column":20},"end":{"line":6,"column":44}},"4":{"start":{"line":7,"column":20},"end":{"line":7,"column":36}},"5":{"start":{"line":8,"column":20},"end":{"line":8,"column":36}},"6":{"start":{"line":14,"column":18},"end":{"line":18,"column":2}},"7":{"start":{"line":20,"column":22},"end":{"line":26,"column":2}},"8":{"start":{"line":28,"column":15},"end":{"line":28,"column":61}},"9":{"start":{"line":30,"column":15},"end":{"line":30,"column":65}},"10":{"start":{"line":32,"column":46},"end":{"line":32,"column":48}},"11":{"start":{"line":33,"column":40},"end":{"line":33,"column":42}},"12":{"start":{"line":37,"column":2},"end":{"line":37,"column":32}},"13":{"start":{"line":41,"column":2},"end":{"line":96,"column":3}},"14":{"start":{"line":42,"column":3},"end":{"line":48,"column":5}},"15":{"start":{"line":44,"column":30},"end":{"line":47,"column":6}},"16":{"start":{"line":50,"column":3},"end":{"line":56,"column":5}},"17":{"start":{"line":52,"column":34},"end":{"line":55,"column":6}},"18":{"start":{"line":58,"column":3},"end":{"line":64,"column":5}},"19":{"start":{"line":60,"column":27},"end":{"line":63,"column":6}},"20":{"start":{"line":66,"column":39},"end":{"line":69,"column":5}},"21":{"start":{"line":71,"column":3},"end":{"line":71,"column":57}},"22":{"start":{"line":73,"column":3},"end":{"line":78,"column":4}},"23":{"start":{"line":77,"column":4},"end":{"line":77,"column":43}},"24":{"start":{"line":80,"column":3},"end":{"line":89,"column":4}},"25":{"start":{"line":81,"column":24},"end":{"line":81,"column":57}},"26":{"start":{"line":82,"column":4},"end":{"line":82,"column":56}},"27":{"start":{"line":84,"column":4},"end":{"line":86,"column":5}},"28":{"start":{"line":85,"column":5},"end":{"line":85,"column":29}},"29":{"start":{"line":88,"column":4},"end":{"line":88,"column":60}},"30":{"start":{"line":91,"column":3},"end":{"line":91,"column":27}},"31":{"start":{"line":92,"column":3},"end":{"line":92,"column":45}},"32":{"start":{"line":94,"column":3},"end":{"line":94,"column":49}},"33":{"start":{"line":95,"column":3},"end":{"line":95,"column":15}},"34":{"start":{"line":100,"column":2},"end":{"line":107,"column":3}},"35":{"start":{"line":101,"column":3},"end":{"line":103,"column":6}},"36":{"start":{"line":102,"column":4},"end":{"line":102,"column":64}},"37":{"start":{"line":105,"column":3},"end":{"line":105,"column":49}},"38":{"start":{"line":106,"column":3},"end":{"line":106,"column":15}},"39":{"start":{"line":111,"column":2},"end":{"line":111,"column":28}},"40":{"start":{"line":115,"column":2},"end":{"line":117,"column":34}},"41":{"start":{"line":116,"column":22},"end":{"line":116,"column":56}},"42":{"start":{"line":117,"column":25},"end":{"line":117,"column":32}},"43":{"start":{"line":121,"column":2},"end":{"line":121,"column":26}},"44":{"start":{"line":35,"column":0},"end":{"line":35,"column":13}}},"fnMap":{"0":{"name":"(anonymous_7)","decl":{"start":{"line":36,"column":1},"end":{"line":36,"column":null}},"loc":{"start":{"line":36,"column":1},"end":{"line":38,"column":2}}},"1":{"name":"(anonymous_8)","decl":{"start":{"line":40,"column":14},"end":{"line":40,"column":24}},"loc":{"start":{"line":40,"column":24},"end":{"line":97,"column":null}}},"2":{"name":"(anonymous_10)","decl":{"start":{"line":44,"column":18},"end":{"line":44,"column":19}},"loc":{"start":{"line":44,"column":30},"end":{"line":47,"column":6}}},"3":{"name":"(anonymous_11)","decl":{"start":{"line":52,"column":22},"end":{"line":52,"column":23}},"loc":{"start":{"line":52,"column":34},"end":{"line":55,"column":6}}},"4":{"name":"(anonymous_12)","decl":{"start":{"line":60,"column":15},"end":{"line":60,"column":16}},"loc":{"start":{"line":60,"column":27},"end":{"line":63,"column":6}}},"5":{"name":"(anonymous_13)","decl":{"start":{"line":99,"column":15},"end":{"line":99,"column":25}},"loc":{"start":{"line":99,"column":25},"end":{"line":108,"column":null}}},"6":{"name":"(anonymous_15)","decl":{"start":{"line":101,"column":18},"end":{"line":101,"column":19}},"loc":{"start":{"line":101,"column":32},"end":{"line":103,"column":4}}},"7":{"name":"(anonymous_16)","decl":{"start":{"line":110,"column":8},"end":{"line":110,"column":14}},"loc":{"start":{"line":110,"column":38},"end":{"line":112,"column":2}}},"8":{"name":"(anonymous_17)","decl":{"start":{"line":114,"column":8},"end":{"line":114,"column":14}},"loc":{"start":{"line":114,"column":47},"end":{"line":118,"column":2}}},"9":{"name":"(anonymous_18)","decl":{"start":{"line":116,"column":11},"end":{"line":116,"column":12}},"loc":{"start":{"line":116,"column":22},"end":{"line":116,"column":56}}},"10":{"name":"(anonymous_19)","decl":{"start":{"line":117,"column":8},"end":{"line":117,"column":9}},"loc":{"start":{"line":117,"column":25},"end":{"line":117,"column":32}}},"11":{"name":"(anonymous_20)","decl":{"start":{"line":120,"column":8},"end":{"line":120,"column":14}},"loc":{"start":{"line":120,"column":36},"end":{"line":122,"column":2}}}},"branchMap":{},"s":{"0":1,"1":1,"2":1,"3":1,"4":1,"5":1,"6":1,"7":1,"8":1,"9":1,"10":1,"11":1,"12":6,"13":2,"14":2,"15":6,"16":2,"17":10,"18":2,"19":4,"20":2,"21":1,"22":1,"23":0,"24":1,"25":1,"26":1,"27":1,"28":0,"29":1,"30":1,"31":1,"32":1,"33":1,"34":1,"35":1,"36":3,"37":0,"38":0,"39":0,"40":0,"41":0,"42":0,"43":0,"44":1},"f":{"0":6,"1":2,"2":6,"3":10,"4":4,"5":1,"6":3,"7":0,"8":0,"9":0,"10":0,"11":0},"b":{}}
,"C:\\Users\\Ilja\\OneDrive\\Desktop\\problem\\problem\\slots-game\\src\\utils\\sound.ts": {"path":"C:\\Users\\Ilja\\OneDrive\\Desktop\\problem\\problem\\slots-game\\src\\utils\\sound.ts","statementMap":{"0":{"start":{"line":1,"column":0},"end":{"line":1,"column":30}},"1":{"start":{"line":2,"column":37},"end":{"line":2,"column":39}},"2":{"start":{"line":4,"column":13},"end":{"line":31,"column":2}},"3":{"start":{"line":6,"column":2},"end":{"line":6,"column":51}},"4":{"start":{"line":7,"column":2},"end":{"line":7,"column":43}},"5":{"start":{"line":11,"column":20},"end":{"line":11,"column":33}},"6":{"start":{"line":12,"column":2},"end":{"line":17,"column":3}},"7":{"start":{"line":13,"column":3},"end":{"line":13,"column":42}},"8":{"start":{"line":14,"column":3},"end":{"line":14,"column":14}},"9":{"start":{"line":16,"column":3},"end":{"line":16,"column":53}},"10":{"start":{"line":21,"column":20},"end":{"line":21,"column":33}},"11":{"start":{"line":22,"column":2},"end":{"line":27,"column":3}},"12":{"start":{"line":23,"column":3},"end":{"line":23,"column":43}},"13":{"start":{"line":24,"column":3},"end":{"line":24,"column":14}},"14":{"start":{"line":26,"column":3},"end":{"line":26,"column":53}},"15":{"start":{"line":30,"column":43},"end":{"line":30,"column":56}}},"fnMap":{"0":{"name":"(anonymous_0)","decl":{"start":{"line":5,"column":6},"end":{"line":5,"column":7}},"loc":{"start":{"line":5,"column":43},"end":{"line":8,"column":2}}},"1":{"name":"(anonymous_1)","decl":{"start":{"line":10,"column":7},"end":{"line":10,"column":8}},"loc":{"start":{"line":10,"column":31},"end":{"line":18,"column":2}}},"2":{"name":"(anonymous_2)","decl":{"start":{"line":20,"column":7},"end":{"line":20,"column":8}},"loc":{"start":{"line":20,"column":31},"end":{"line":28,"column":2}}},"3":{"name":"(anonymous_3)","decl":{"start":{"line":30,"column":6},"end":{"line":30,"column":7}},"loc":{"start":{"line":30,"column":43},"end":{"line":30,"column":56}}}},"branchMap":{"0":{"loc":{"start":{"line":12,"column":2},"end":{"line":17,"column":3}},"type":"if","locations":[{"start":{"line":12,"column":2},"end":{"line":17,"column":3}},{"start":{"line":15,"column":9},"end":{"line":17,"column":3}}]},"1":{"loc":{"start":{"line":22,"column":2},"end":{"line":27,"column":3}},"type":"if","locations":[{"start":{"line":22,"column":2},"end":{"line":27,"column":3}},{"start":{"line":25,"column":9},"end":{"line":27,"column":3}}]}},"s":{"0":2,"1":2,"2":2,"3":9,"4":9,"5":2,"6":2,"7":1,"8":1,"9":1,"10":2,"11":2,"12":1,"13":1,"14":1,"15":8},"f":{"0":9,"1":2,"2":2,"3":8},"b":{"0":[1,1],"1":[1,1]}}
}
