{"C:\\Users\\Ilja\\OneDrive\\Desktop\\problem\\problem\\slots-game\\src\\slots\\Reel.ts": {"path":"C:\\Users\\Ilja\\OneDrive\\Desktop\\problem\\problem\\slots-game\\src\\slots\\Reel.ts","statementMap":{"0":{"start":{"line":1,"column":0},"end":{"line":1,"column":32}},"1":{"start":{"line":4,"column":24},"end":{"line":10,"column":2}},"2":{"start":{"line":12,"column":19},"end":{"line":12,"column":21}},"3":{"start":{"line":13,"column":22},"end":{"line":13,"column":26}},"4":{"start":{"line":20,"column":9},"end":{"line":20,"column":27}},"5":{"start":{"line":21,"column":9},"end":{"line":21,"column":37}},"6":{"start":{"line":24,"column":2},"end":{"line":24,"column":40}},"7":{"start":{"line":25,"column":2},"end":{"line":25,"column":20}},"8":{"start":{"line":26,"column":2},"end":{"line":26,"column":31}},"9":{"start":{"line":27,"column":2},"end":{"line":27,"column":33}},"10":{"start":{"line":29,"column":2},"end":{"line":29,"column":23}},"11":{"start":{"line":41,"column":2},"end":{"line":41,"column":27}},"12":{"start":{"line":45,"column":2},"end":{"line":45,"column":51}},"13":{"start":{"line":45,"column":44},"end":{"line":45,"column":51}},"14":{"start":{"line":50,"column":2},"end":{"line":58,"column":3}},"15":{"start":{"line":51,"column":3},"end":{"line":51,"column":31}},"16":{"start":{"line":54,"column":3},"end":{"line":57,"column":4}},"17":{"start":{"line":55,"column":4},"end":{"line":55,"column":19}},"18":{"start":{"line":56,"column":4},"end":{"line":56,"column":22}},"19":{"start":{"line":66,"column":2},"end":{"line":66,"column":25}},"20":{"start":{"line":67,"column":2},"end":{"line":67,"column":26}},"21":{"start":{"line":71,"column":2},"end":{"line":71,"column":26}},"22":{"start":{"line":15,"column":0},"end":{"line":15,"column":13}}},"fnMap":{"0":{"name":"(anonymous_9)","decl":{"start":{"line":23,"column":1},"end":{"line":23,"column":13}},"loc":{"start":{"line":23,"column":52},"end":{"line":30,"column":2}}},"1":{"name":"(anonymous_10)","decl":{"start":{"line":32,"column":9},"end":{"line":32,"column":22}},"loc":{"start":{"line":32,"column":22},"end":{"line":34,"column":2}}},"2":{"name":"(anonymous_11)","decl":{"start":{"line":36,"column":9},"end":{"line":36,"column":27}},"loc":{"start":{"line":36,"column":27},"end":{"line":42,"column":2}}},"3":{"name":"(anonymous_12)","decl":{"start":{"line":44,"column":8},"end":{"line":44,"column":14}},"loc":{"start":{"line":44,"column":28},"end":{"line":59,"column":2}}},"4":{"name":"(anonymous_13)","decl":{"start":{"line":61,"column":9},"end":{"line":61,"column":19}},"loc":{"start":{"line":61,"column":19},"end":{"line":63,"column":2}}},"5":{"name":"(anonymous_14)","decl":{"start":{"line":65,"column":8},"end":{"line":65,"column":17}},"loc":{"start":{"line":65,"column":17},"end":{"line":68,"column":2}}},"6":{"name":"(anonymous_15)","decl":{"start":{"line":70,"column":8},"end":{"line":70,"column":16}},"loc":{"start":{"line":70,"column":16},"end":{"line":73,"column":2}}}},"branchMap":{"0":{"loc":{"start":{"line":45,"column":2},"end":{"line":45,"column":51}},"type":"if","locations":[{"start":{"line":45,"column":2},"end":{"line":45,"column":51}}]},"1":{"loc":{"start":{"line":45,"column":6},"end":{"line":45,"column":42}},"type":"binary-expr","locations":[{"start":{"line":45,"column":6},"end":{"line":45,"column":22}},{"start":{"line":45,"column":26},"end":{"line":45,"column":42}}]},"2":{"loc":{"start":{"line":50,"column":2},"end":{"line":58,"column":3}},"type":"if","locations":[{"start":{"line":50,"column":2},"end":{"line":58,"column":3}}]},"3":{"loc":{"start":{"line":50,"column":6},"end":{"line":50,"column":40}},"type":"binary-expr","locations":[{"start":{"line":50,"column":6},"end":{"line":50,"column":22}},{"start":{"line":50,"column":26},"end":{"line":50,"column":40}}]},"4":{"loc":{"start":{"line":54,"column":3},"end":{"line":57,"column":4}},"type":"if","locations":[{"start":{"line":54,"column":3},"end":{"line":57,"column":4}}]}},"s":{"0":1,"1":1,"2":1,"3":1,"4":0,"5":0,"6":0,"7":0,"8":0,"9":0,"10":0,"11":0,"12":0,"13":0,"14":0,"15":0,"16":0,"17":0,"18":0,"19":0,"20":0,"21":0,"22":1},"f":{"0":0,"1":0,"2":0,"3":0,"4":0,"5":0,"6":0},"b":{"0":[0],"1":[0,0],"2":[0],"3":[0,0],"4":[0]}}
}
