TN:
SF:src\Game.ts
FN:12,(anonymous_16)
FN:36,(anonymous_17)
FN:54,(anonymous_19)
FN:60,(anonymous_20)
FNF:4
FNH:4
FNDA:7,(anonymous_16)
FNDA:8,(anonymous_17)
FNDA:1,(anonymous_19)
FNDA:12,(anonymous_20)
DA:1,1
DA:2,1
DA:3,1
DA:4,1
DA:6,1
DA:13,7
DA:21,7
DA:22,7
DA:23,7
DA:26,7
DA:28,7
DA:29,7
DA:31,7
DA:33,7
DA:37,8
DA:38,8
DA:40,7
DA:41,7
DA:43,7
DA:44,7
DA:46,7
DA:48,7
DA:50,1
DA:55,1
DA:56,1
DA:61,12
DA:63,12
DA:64,12
DA:66,12
DA:67,12
DA:70,12
DA:72,12
DA:75,12
DA:76,12
DA:77,12
LF:35
LH:35
BRDA:17,0,0,7
BRDA:17,0,1,0
BRDA:22,1,0,7
BRDA:55,2,0,1
BRDA:61,3,0,0
BRDA:61,4,0,12
BRDA:61,4,1,12
BRDA:64,5,0,0
BRF:8
BRH:5
end_of_record
TN:
SF:src\slots\Reel.ts
FN:19,(anonymous_0)
FN:33,(anonymous_1)
FN:37,(anonymous_2)
FN:48,(anonymous_3)
FN:53,(anonymous_4)
FN:88,(anonymous_5)
FN:89,(anonymous_6)
FN:97,(anonymous_7)
FN:105,(anonymous_8)
FN:113,(anonymous_9)
FN:114,(anonymous_10)
FNF:11
FNH:11
FNDA:10,(anonymous_0)
FNDA:72,(anonymous_1)
FNDA:10,(anonymous_2)
FNDA:60,(anonymous_3)
FNDA:95,(anonymous_4)
FNDA:2,(anonymous_5)
FNDA:12,(anonymous_6)
FNDA:5,(anonymous_7)
FNDA:1,(anonymous_8)
FNDA:1,(anonymous_9)
FNDA:6,(anonymous_10)
DA:1,1
DA:3,1
DA:4,1
DA:5,1
DA:7,1
DA:10,10
DA:11,10
DA:14,10
DA:24,10
DA:25,10
DA:26,10
DA:27,10
DA:28,10
DA:30,10
DA:34,72
DA:38,10
DA:39,60
DA:40,60
DA:42,60
DA:44,60
DA:49,60
DA:50,60
DA:54,95
DA:58,94
DA:59,94
DA:61,94
DA:62,574
DA:63,574
DA:66,574
DA:67,10
DA:70,10
DA:71,10
DA:72,10
DA:77,94
DA:78,90
DA:81,90
DA:82,1
DA:83,1
DA:89,2
DA:90,12
DA:98,5
DA:99,5
DA:107,1
DA:114,6
DA:115,1
LF:45
LH:45
BRDA:54,0,0,1
BRDA:54,1,0,95
BRDA:54,1,1,91
BRDA:66,2,0,10
BRDA:77,3,0,90
BRDA:77,4,0,94
BRDA:77,4,1,90
BRDA:81,5,0,1
BRF:8
BRH:8
end_of_record
TN:
SF:src\slots\SlotMachine.ts
FN:34,(anonymous_0)
FN:54,(anonymous_1)
FN:71,(anonymous_2)
FN:83,(anonymous_3)
FN:90,(anonymous_4)
FN:107,(anonymous_5)
FN:113,(anonymous_6)
FN:118,(anonymous_7)
FN:120,(anonymous_8)
FN:126,(anonymous_9)
FN:141,(anonymous_10)
FN:158,(anonymous_11)
FN:162,(anonymous_12)
FN:190,(anonymous_13)
FN:203,(anonymous_14)
FNF:15
FNH:13
FNDA:14,(anonymous_0)
FNDA:14,(anonymous_1)
FNDA:14,(anonymous_2)
FNDA:1,(anonymous_3)
FNDA:5,(anonymous_4)
FNDA:12,(anonymous_5)
FNDA:2,(anonymous_6)
FNDA:2,(anonymous_7)
FNDA:8,(anonymous_8)
FNDA:2,(anonymous_9)
FNDA:4,(anonymous_10)
FNDA:4,(anonymous_11)
FNDA:14,(anonymous_12)
FNDA:0,(anonymous_13)
FNDA:0,(anonymous_14)
DA:1,1
DA:2,1
DA:3,1
DA:4,1
DA:5,1
DA:6,1
DA:8,1
DA:9,1
DA:10,1
DA:11,1
DA:12,1
DA:13,1
DA:14,1
DA:15,1
DA:16,1
DA:17,1
DA:18,1
DA:19,1
DA:22,1
DA:23,14
DA:24,14
DA:28,14
DA:29,14
DA:30,14
DA:31,14
DA:35,14
DA:36,14
DA:37,14
DA:40,14
DA:41,14
DA:44,14
DA:45,14
DA:47,14
DA:49,14
DA:51,14
DA:55,14
DA:56,14
DA:57,0
DA:58,0
DA:64,0
DA:65,0
DA:67,14
DA:72,14
DA:74,14
DA:75,56
DA:76,56
DA:77,56
DA:78,56
DA:79,56
DA:85,1
DA:86,4
DA:91,5
DA:93,4
DA:96,4
DA:99,4
DA:100,2
DA:103,2
DA:106,4
DA:107,16
DA:108,12
DA:113,4
DA:114,2
DA:119,2
DA:120,8
DA:121,8
DA:124,8
DA:125,2
DA:126,2
DA:127,2
DA:128,2
DA:130,2
DA:131,1
DA:133,1
DA:143,4
DA:145,4
DA:146,2
DA:147,2
DA:149,2
DA:150,1
DA:151,1
DA:153,1
DA:159,4
DA:163,14
DA:164,14
DA:165,14
DA:166,14
DA:168,14
DA:169,14
DA:171,14
DA:172,14
DA:175,14
DA:178,14
DA:179,14
DA:180,14
DA:182,14
DA:183,14
DA:185,14
DA:187,14
DA:189,14
DA:191,0
DA:196,0
DA:204,0
LF:102
LH:95
BRDA:91,0,0,1
BRDA:99,1,0,2
BRDA:124,2,0,2
BRDA:130,3,0,1
BRDA:145,4,0,2
BRDA:149,5,0,1
BRDA:149,5,1,1
BRDA:165,6,0,14
BRDA:171,7,0,14
BRDA:179,8,0,14
BRF:10
BRH:10
end_of_record
TN:
SF:src\ui\UI.ts
FN:12,(anonymous_9)
FN:20,(anonymous_10)
FN:47,(anonymous_11)
FN:53,(anonymous_12)
FN:57,(anonymous_13)
FNF:5
FNH:3
FNDA:2,(anonymous_9)
FNDA:2,(anonymous_10)
FNDA:1,(anonymous_11)
FNDA:0,(anonymous_12)
FNDA:0,(anonymous_13)
DA:1,1
DA:3,1
DA:4,1
DA:6,1
DA:13,2
DA:14,2
DA:15,2
DA:17,2
DA:21,2
DA:22,2
DA:26,2
DA:27,2
DA:28,2
DA:29,2
DA:30,2
DA:32,2
DA:33,2
DA:35,2
DA:36,2
DA:37,2
DA:39,2
DA:41,2
DA:43,0
DA:48,1
DA:50,1
DA:54,0
DA:58,0
LF:27
LH:24
BRF:0
BRH:0
end_of_record
TN:
SF:src\utils\AssetLoader.ts
FN:36,(anonymous_7)
FN:40,(anonymous_8)
FN:44,(anonymous_10)
FN:52,(anonymous_11)
FN:60,(anonymous_12)
FN:99,(anonymous_13)
FN:101,(anonymous_15)
FN:110,(anonymous_16)
FN:114,(anonymous_17)
FN:116,(anonymous_18)
FN:117,(anonymous_19)
FN:120,(anonymous_20)
FNF:12
FNH:7
FNDA:6,(anonymous_7)
FNDA:2,(anonymous_8)
FNDA:6,(anonymous_10)
FNDA:10,(anonymous_11)
FNDA:4,(anonymous_12)
FNDA:1,(anonymous_13)
FNDA:3,(anonymous_15)
FNDA:0,(anonymous_16)
FNDA:0,(anonymous_17)
FNDA:0,(anonymous_18)
FNDA:0,(anonymous_19)
FNDA:0,(anonymous_20)
DA:1,1
DA:2,1
DA:5,1
DA:6,1
DA:7,1
DA:8,1
DA:14,1
DA:20,1
DA:28,1
DA:30,1
DA:32,1
DA:33,1
DA:35,1
DA:37,6
DA:41,2
DA:42,2
DA:44,6
DA:50,2
DA:52,10
DA:58,2
DA:60,4
DA:66,2
DA:71,1
DA:73,1
DA:77,0
DA:80,1
DA:81,1
DA:82,1
DA:84,1
DA:85,0
DA:88,1
DA:91,1
DA:92,1
DA:94,1
DA:95,1
DA:100,1
DA:101,1
DA:102,3
DA:105,0
DA:106,0
DA:111,0
DA:115,0
DA:116,0
DA:117,0
DA:121,0
LF:45
LH:36
BRF:0
BRH:0
end_of_record
TN:
SF:src\utils\sound.ts
FN:5,(anonymous_0)
FN:10,(anonymous_1)
FN:20,(anonymous_2)
FN:30,(anonymous_3)
FNF:4
FNH:4
FNDA:9,(anonymous_0)
FNDA:2,(anonymous_1)
FNDA:2,(anonymous_2)
FNDA:8,(anonymous_3)
DA:1,2
DA:2,2
DA:4,2
DA:6,9
DA:7,9
DA:11,2
DA:12,2
DA:13,1
DA:14,1
DA:16,1
DA:21,2
DA:22,2
DA:23,1
DA:24,1
DA:26,1
DA:30,8
LF:16
LH:16
BRDA:12,0,0,1
BRDA:12,0,1,1
BRDA:22,1,0,1
BRDA:22,1,1,1
BRF:4
BRH:4
end_of_record
