TN:
SF:src\slots\Reel.ts
FN:23,(anonymous_9)
FN:32,(anonymous_10)
FN:36,(anonymous_11)
FN:44,(anonymous_12)
FN:61,(anonymous_13)
FN:65,(anonymous_14)
FN:70,(anonymous_15)
FNF:7
FNH:0
FNDA:0,(anonymous_9)
FNDA:0,(anonymous_10)
FNDA:0,(anonymous_11)
FNDA:0,(anonymous_12)
FNDA:0,(anonymous_13)
FNDA:0,(anonymous_14)
FNDA:0,(anonymous_15)
DA:1,1
DA:4,1
DA:12,1
DA:13,1
DA:15,1
DA:20,0
DA:21,0
DA:24,0
DA:25,0
DA:26,0
DA:27,0
DA:29,0
DA:41,0
DA:45,0
DA:50,0
DA:51,0
DA:54,0
DA:55,0
DA:56,0
DA:66,0
DA:67,0
DA:71,0
LF:22
LH:5
BRDA:45,0,0,0
BRDA:45,1,0,0
BRDA:45,1,1,0
BRDA:50,2,0,0
BRDA:50,3,0,0
BRDA:50,3,1,0
BRDA:54,4,0,0
BRF:7
BRH:0
end_of_record
